2025-11-11T23:03:49.506+07:00  INFO 42552 --- [trading-platform] [main] o.e.trading.TradingPlatformApplication   : Starting TradingPlatformApplication using Java 22.0.2 with PID 42552 (C:\amaraa belajar\LIT-Fullstack\session19\SpringBoot\target\classes started by maraa in C:\amaraa belajar\LIT-Fullstack\session19\SpringBoot)
2025-11-11T23:03:49.511+07:00  INFO 42552 --- [trading-platform] [main] o.e.trading.TradingPlatformApplication   : No active profile set, falling back to 1 default profile: "default"
2025-11-11T23:03:50.916+07:00  INFO 42552 --- [trading-platform] [main] .s.d.r.c.RepositoryConfigurationDelegate : Bootstrapping Spring Data JPA repositories in DEFAULT mode.
2025-11-11T23:03:51.042+07:00  INFO 42552 --- [trading-platform] [main] .s.d.r.c.RepositoryConfigurationDelegate : Finished Spring Data repository scanning in 112 ms. Found 2 JPA repository interfaces.
2025-11-11T23:03:52.012+07:00  INFO 42552 --- [trading-platform] [main] o.s.b.w.embedded.tomcat.TomcatWebServer  : Tomcat initialized with port 8080 (http)
2025-11-11T23:03:52.033+07:00  INFO 42552 --- [trading-platform] [main] o.apache.catalina.core.StandardService   : Starting service [Tomcat]
2025-11-11T23:03:52.034+07:00  INFO 42552 --- [trading-platform] [main] o.apache.catalina.core.StandardEngine    : Starting Servlet engine: [Apache Tomcat/10.1.30]
2025-11-11T23:03:52.136+07:00  INFO 42552 --- [trading-platform] [main] o.a.c.c.C.[Tomcat].[localhost].[/]       : Initializing Spring embedded WebApplicationContext
2025-11-11T23:03:52.137+07:00  INFO 42552 --- [trading-platform] [main] w.s.c.ServletWebServerApplicationContext : Root WebApplicationContext: initialization completed in 2541 ms
2025-11-11T23:03:52.454+07:00  INFO 42552 --- [trading-platform] [main] o.hibernate.jpa.internal.util.LogHelper  : HHH000204: Processing PersistenceUnitInfo [name: default]
2025-11-11T23:03:52.597+07:00  INFO 42552 --- [trading-platform] [main] org.hibernate.Version                    : HHH000412: Hibernate ORM core version 6.5.3.Final
2025-11-11T23:03:52.673+07:00  INFO 42552 --- [trading-platform] [main] o.h.c.internal.RegionFactoryInitiator    : HHH000026: Second-level cache disabled
2025-11-11T23:03:53.383+07:00  INFO 42552 --- [trading-platform] [main] o.s.o.j.p.SpringPersistenceUnitInfo      : No LoadTimeWeaver setup: ignoring JPA class transformer
2025-11-11T23:03:53.464+07:00  INFO 42552 --- [trading-platform] [main] com.zaxxer.hikari.HikariDataSource       : HikariPool-1 - Starting...
2025-11-11T23:03:54.276+07:00  INFO 42552 --- [trading-platform] [main] com.zaxxer.hikari.pool.HikariPool        : HikariPool-1 - Added connection com.mysql.cj.jdbc.ConnectionImpl@2c674d58
2025-11-11T23:03:54.279+07:00  INFO 42552 --- [trading-platform] [main] com.zaxxer.hikari.HikariDataSource       : HikariPool-1 - Start completed.
2025-11-11T23:03:54.383+07:00  WARN 42552 --- [trading-platform] [main] org.hibernate.orm.deprecation            : HHH90000025: MySQL8Dialect does not need to be specified explicitly using 'hibernate.dialect' (remove the property setting and it will be selected by default)
2025-11-11T23:03:54.384+07:00  WARN 42552 --- [trading-platform] [main] org.hibernate.orm.deprecation            : HHH90000026: MySQL8Dialect has been deprecated; use org.hibernate.dialect.MySQLDialect instead
2025-11-11T23:03:55.768+07:00  INFO 42552 --- [trading-platform] [main] o.h.e.t.j.p.i.JtaPlatformInitiator       : HHH000489: No JTA platform available (set 'hibernate.transaction.jta.platform' to enable JTA platform integration)
2025-11-11T23:03:56.259+07:00  INFO 42552 --- [trading-platform] [main] j.LocalContainerEntityManagerFactoryBean : Initialized JPA EntityManagerFactory for persistence unit 'default'
2025-11-11T23:03:57.108+07:00  WARN 42552 --- [trading-platform] [main] JpaBaseConfiguration$JpaWebConfiguration : spring.jpa.open-in-view is enabled by default. Therefore, database queries may be performed during view rendering. Explicitly configure spring.jpa.open-in-view to disable this warning
2025-11-11T23:03:57.785+07:00  INFO 42552 --- [trading-platform] [main] o.s.b.w.embedded.tomcat.TomcatWebServer  : Tomcat started on port 8080 (http) with context path '/'
2025-11-11T23:03:57.802+07:00  INFO 42552 --- [trading-platform] [main] o.e.trading.TradingPlatformApplication   : Started TradingPlatformApplication in 9.437 seconds (process running for 10.536)
2025-11-11T23:04:17.479+07:00  INFO 42552 --- [trading-platform] [http-nio-8080-exec-1] o.a.c.c.C.[Tomcat].[localhost].[/]       : Initializing Spring DispatcherServlet 'dispatcherServlet'
2025-11-11T23:04:17.479+07:00  INFO 42552 --- [trading-platform] [http-nio-8080-exec-1] o.s.web.servlet.DispatcherServlet        : Initializing Servlet 'dispatcherServlet'
2025-11-11T23:04:17.481+07:00  INFO 42552 --- [trading-platform] [http-nio-8080-exec-1] o.s.web.servlet.DispatcherServlet        : Completed initialization in 1 ms
2025-11-11T23:04:17.494+07:00  WARN 42552 --- [trading-platform] [http-nio-8080-exec-1] o.e.t.f.TradingAuthenticationFilter      : Unauthorized access attempt to: /
2025-11-11T23:04:17.527+07:00  WARN 42552 --- [trading-platform] [http-nio-8080-exec-2] o.e.t.f.TradingAuthenticationFilter      : Unauthorized access attempt to: /
2025-11-11T23:04:19.980+07:00  WARN 42552 --- [trading-platform] [http-nio-8080-exec-3] o.e.t.f.TradingAuthenticationFilter      : Unauthorized access attempt to: /hybridaction/zybTrackerStatisticsAction
2025-11-11T23:04:19.980+07:00  WARN 42552 --- [trading-platform] [http-nio-8080-exec-4] o.e.t.f.TradingAuthenticationFilter      : Unauthorized access attempt to: /hybridaction/zybTrackerStatisticsAction
2025-11-11T23:04:20.041+07:00  WARN 42552 --- [trading-platform] [http-nio-8080-exec-5] o.e.t.f.TradingAuthenticationFilter      : Unauthorized access attempt to: /hybridaction/zybTrackerStatisticsAction
2025-11-11T23:04:20.046+07:00  WARN 42552 --- [trading-platform] [http-nio-8080-exec-6] o.e.t.f.TradingAuthenticationFilter      : Unauthorized access attempt to: /hybridaction/zybTrackerStatisticsAction
2025-11-11T23:04:20.090+07:00  WARN 42552 --- [trading-platform] [http-nio-8080-exec-7] o.e.t.f.TradingAuthenticationFilter      : Unauthorized access attempt to: /hybridaction/zybTrackerStatisticsAction
2025-11-11T23:04:20.090+07:00  WARN 42552 --- [trading-platform] [http-nio-8080-exec-8] o.e.t.f.TradingAuthenticationFilter      : Unauthorized access attempt to: /hybridaction/zybTrackerStatisticsAction
2025-11-11T23:04:21.036+07:00  WARN 42552 --- [trading-platform] [http-nio-8080-exec-9] o.e.t.f.TradingAuthenticationFilter      : Unauthorized access attempt to: /hybridaction/zybTrackerStatisticsAction
2025-11-11T23:04:21.054+07:00  WARN 42552 --- [trading-platform] [http-nio-8080-exec-10] o.e.t.f.TradingAuthenticationFilter      : Unauthorized access attempt to: /hybridaction/zybTrackerStatisticsAction
2025-11-11T23:04:21.091+07:00  WARN 42552 --- [trading-platform] [http-nio-8080-exec-1] o.e.t.f.TradingAuthenticationFilter      : Unauthorized access attempt to: /hybridaction/zybTrackerStatisticsAction
2025-11-11T23:04:21.108+07:00  WARN 42552 --- [trading-platform] [http-nio-8080-exec-2] o.e.t.f.TradingAuthenticationFilter      : Unauthorized access attempt to: /hybridaction/zybTrackerStatisticsAction
2025-11-11T23:04:21.150+07:00  WARN 42552 --- [trading-platform] [http-nio-8080-exec-4] o.e.t.f.TradingAuthenticationFilter      : Unauthorized access attempt to: /hybridaction/zybTrackerStatisticsAction
2025-11-11T23:04:21.169+07:00  WARN 42552 --- [trading-platform] [http-nio-8080-exec-3] o.e.t.f.TradingAuthenticationFilter      : Unauthorized access attempt to: /hybridaction/zybTrackerStatisticsAction
2025-11-11T23:04:22.651+07:00  WARN 42552 --- [trading-platform] [http-nio-8080-exec-7] o.e.t.f.TradingAuthenticationFilter      : Unauthorized access attempt to: /hybridaction/zybTrackerStatisticsAction
2025-11-11T23:04:22.700+07:00  WARN 42552 --- [trading-platform] [http-nio-8080-exec-8] o.e.t.f.TradingAuthenticationFilter      : Unauthorized access attempt to: /hybridaction/zybTrackerStatisticsAction
2025-11-11T23:04:22.754+07:00  WARN 42552 --- [trading-platform] [http-nio-8080-exec-9] o.e.t.f.TradingAuthenticationFilter      : Unauthorized access attempt to: /hybridaction/zybTrackerStatisticsAction
2025-11-11T23:04:22.891+07:00  WARN 42552 --- [trading-platform] [http-nio-8080-exec-10] o.e.t.f.TradingAuthenticationFilter      : Unauthorized access attempt to: /hybridaction/zybTrackerStatisticsAction
2025-11-11T23:04:22.947+07:00  WARN 42552 --- [trading-platform] [http-nio-8080-exec-1] o.e.t.f.TradingAuthenticationFilter      : Unauthorized access attempt to: /hybridaction/zybTrackerStatisticsAction
2025-11-11T23:04:22.981+07:00  WARN 42552 --- [trading-platform] [http-nio-8080-exec-2] o.e.t.f.TradingAuthenticationFilter      : Unauthorized access attempt to: /hybridaction/zybTrackerStatisticsAction
2025-11-11T23:04:23.122+07:00  WARN 42552 --- [trading-platform] [http-nio-8080-exec-4] o.e.t.f.TradingAuthenticationFilter      : Unauthorized access attempt to: /hybridaction/zybTrackerStatisticsAction
2025-11-11T23:04:23.170+07:00  WARN 42552 --- [trading-platform] [http-nio-8080-exec-3] o.e.t.f.TradingAuthenticationFilter      : Unauthorized access attempt to: /hybridaction/zybTrackerStatisticsAction
2025-11-11T23:04:23.221+07:00  WARN 42552 --- [trading-platform] [http-nio-8080-exec-5] o.e.t.f.TradingAuthenticationFilter      : Unauthorized access attempt to: /hybridaction/zybTrackerStatisticsAction
2025-11-11T23:04:23.356+07:00  WARN 42552 --- [trading-platform] [http-nio-8080-exec-6] o.e.t.f.TradingAuthenticationFilter      : Unauthorized access attempt to: /hybridaction/zybTrackerStatisticsAction
2025-11-11T23:04:23.457+07:00  WARN 42552 --- [trading-platform] [http-nio-8080-exec-7] o.e.t.f.TradingAuthenticationFilter      : Unauthorized access attempt to: /hybridaction/zybTrackerStatisticsAction
2025-11-11T23:04:23.545+07:00  WARN 42552 --- [trading-platform] [http-nio-8080-exec-8] o.e.t.f.TradingAuthenticationFilter      : Unauthorized access attempt to: /hybridaction/zybTrackerStatisticsAction
2025-11-11T23:04:23.679+07:00  WARN 42552 --- [trading-platform] [http-nio-8080-exec-9] o.e.t.f.TradingAuthenticationFilter      : Unauthorized access attempt to: /hybridaction/zybTrackerStatisticsAction
2025-11-11T23:04:23.723+07:00  WARN 42552 --- [trading-platform] [http-nio-8080-exec-10] o.e.t.f.TradingAuthenticationFilter      : Unauthorized access attempt to: /hybridaction/zybTrackerStatisticsAction
2025-11-11T23:04:23.767+07:00  WARN 42552 --- [trading-platform] [http-nio-8080-exec-1] o.e.t.f.TradingAuthenticationFilter      : Unauthorized access attempt to: /hybridaction/zybTrackerStatisticsAction
2025-11-11T23:04:23.913+07:00  WARN 42552 --- [trading-platform] [http-nio-8080-exec-2] o.e.t.f.TradingAuthenticationFilter      : Unauthorized access attempt to: /hybridaction/zybTrackerStatisticsAction
2025-11-11T23:04:23.960+07:00  WARN 42552 --- [trading-platform] [http-nio-8080-exec-4] o.e.t.f.TradingAuthenticationFilter      : Unauthorized access attempt to: /hybridaction/zybTrackerStatisticsAction
2025-11-11T23:04:23.996+07:00  WARN 42552 --- [trading-platform] [http-nio-8080-exec-3] o.e.t.f.TradingAuthenticationFilter      : Unauthorized access attempt to: /hybridaction/zybTrackerStatisticsAction
2025-11-11T23:04:25.950+07:00  WARN 42552 --- [trading-platform] [http-nio-8080-exec-5] o.e.t.f.TradingAuthenticationFilter      : Unauthorized access attempt to: /favicon.ico
2025-11-11T23:07:13.314+07:00  WARN 42552 --- [trading-platform] [http-nio-8080-exec-7] o.e.t.f.TradingAuthenticationFilter      : Unauthorized access attempt to: /
2025-11-11T23:07:13.669+07:00  WARN 42552 --- [trading-platform] [http-nio-8080-exec-8] o.e.t.f.TradingAuthenticationFilter      : Unauthorized access attempt to: /hybridaction/zybTrackerStatisticsAction
2025-11-11T23:07:13.740+07:00  WARN 42552 --- [trading-platform] [http-nio-8080-exec-9] o.e.t.f.TradingAuthenticationFilter      : Unauthorized access attempt to: /hybridaction/zybTrackerStatisticsAction
2025-11-11T23:07:13.786+07:00  WARN 42552 --- [trading-platform] [http-nio-8080-exec-10] o.e.t.f.TradingAuthenticationFilter      : Unauthorized access attempt to: /hybridaction/zybTrackerStatisticsAction
2025-11-11T23:07:14.035+07:00  WARN 42552 --- [trading-platform] [http-nio-8080-exec-1] o.e.t.f.TradingAuthenticationFilter      : Unauthorized access attempt to: /hybridaction/zybTrackerStatisticsAction
2025-11-11T23:07:14.076+07:00  WARN 42552 --- [trading-platform] [http-nio-8080-exec-2] o.e.t.f.TradingAuthenticationFilter      : Unauthorized access attempt to: /hybridaction/zybTrackerStatisticsAction
2025-11-11T23:07:14.128+07:00  WARN 42552 --- [trading-platform] [http-nio-8080-exec-4] o.e.t.f.TradingAuthenticationFilter      : Unauthorized access attempt to: /hybridaction/zybTrackerStatisticsAction
2025-11-11T23:07:15.650+07:00  WARN 42552 --- [trading-platform] [http-nio-8080-exec-3] o.e.t.f.TradingAuthenticationFilter      : Unauthorized access attempt to: /hybridaction/zybTrackerStatisticsAction
2025-11-11T23:07:15.700+07:00  WARN 42552 --- [trading-platform] [http-nio-8080-exec-5] o.e.t.f.TradingAuthenticationFilter      : Unauthorized access attempt to: /hybridaction/zybTrackerStatisticsAction
2025-11-11T23:07:15.754+07:00  WARN 42552 --- [trading-platform] [http-nio-8080-exec-6] o.e.t.f.TradingAuthenticationFilter      : Unauthorized access attempt to: /hybridaction/zybTrackerStatisticsAction
2025-11-11T23:07:15.890+07:00  WARN 42552 --- [trading-platform] [http-nio-8080-exec-7] o.e.t.f.TradingAuthenticationFilter      : Unauthorized access attempt to: /hybridaction/zybTrackerStatisticsAction
2025-11-11T23:07:15.942+07:00  WARN 42552 --- [trading-platform] [http-nio-8080-exec-8] o.e.t.f.TradingAuthenticationFilter      : Unauthorized access attempt to: /hybridaction/zybTrackerStatisticsAction
2025-11-11T23:07:15.975+07:00  WARN 42552 --- [trading-platform] [http-nio-8080-exec-9] o.e.t.f.TradingAuthenticationFilter      : Unauthorized access attempt to: /hybridaction/zybTrackerStatisticsAction
2025-11-11T23:07:16.110+07:00  WARN 42552 --- [trading-platform] [http-nio-8080-exec-10] o.e.t.f.TradingAuthenticationFilter      : Unauthorized access attempt to: /hybridaction/zybTrackerStatisticsAction
2025-11-11T23:07:16.152+07:00  WARN 42552 --- [trading-platform] [http-nio-8080-exec-1] o.e.t.f.TradingAuthenticationFilter      : Unauthorized access attempt to: /hybridaction/zybTrackerStatisticsAction
2025-11-11T23:07:16.187+07:00  WARN 42552 --- [trading-platform] [http-nio-8080-exec-2] o.e.t.f.TradingAuthenticationFilter      : Unauthorized access attempt to: /hybridaction/zybTrackerStatisticsAction
2025-11-11T23:07:16.328+07:00  WARN 42552 --- [trading-platform] [http-nio-8080-exec-4] o.e.t.f.TradingAuthenticationFilter      : Unauthorized access attempt to: /hybridaction/zybTrackerStatisticsAction
2025-11-11T23:07:16.371+07:00  WARN 42552 --- [trading-platform] [http-nio-8080-exec-3] o.e.t.f.TradingAuthenticationFilter      : Unauthorized access attempt to: /hybridaction/zybTrackerStatisticsAction
2025-11-11T23:07:16.415+07:00  WARN 42552 --- [trading-platform] [http-nio-8080-exec-5] o.e.t.f.TradingAuthenticationFilter      : Unauthorized access attempt to: /hybridaction/zybTrackerStatisticsAction
2025-11-11T23:07:16.544+07:00  WARN 42552 --- [trading-platform] [http-nio-8080-exec-6] o.e.t.f.TradingAuthenticationFilter      : Unauthorized access attempt to: /hybridaction/zybTrackerStatisticsAction
2025-11-11T23:07:16.599+07:00  WARN 42552 --- [trading-platform] [http-nio-8080-exec-7] o.e.t.f.TradingAuthenticationFilter      : Unauthorized access attempt to: /hybridaction/zybTrackerStatisticsAction
2025-11-11T23:07:16.634+07:00  WARN 42552 --- [trading-platform] [http-nio-8080-exec-8] o.e.t.f.TradingAuthenticationFilter      : Unauthorized access attempt to: /hybridaction/zybTrackerStatisticsAction
2025-11-11T23:07:16.767+07:00  WARN 42552 --- [trading-platform] [http-nio-8080-exec-9] o.e.t.f.TradingAuthenticationFilter      : Unauthorized access attempt to: /hybridaction/zybTrackerStatisticsAction
2025-11-11T23:07:16.809+07:00  WARN 42552 --- [trading-platform] [http-nio-8080-exec-10] o.e.t.f.TradingAuthenticationFilter      : Unauthorized access attempt to: /hybridaction/zybTrackerStatisticsAction
2025-11-11T23:07:16.853+07:00  WARN 42552 --- [trading-platform] [http-nio-8080-exec-1] o.e.t.f.TradingAuthenticationFilter      : Unauthorized access attempt to: /hybridaction/zybTrackerStatisticsAction
2025-11-11T23:07:18.616+07:00  WARN 42552 --- [trading-platform] [http-nio-8080-exec-2] o.e.t.f.TradingAuthenticationFilter      : Unauthorized access attempt to: /favicon.ico
2025-11-11T23:08:19.845+07:00  WARN 42552 --- [trading-platform] [http-nio-8080-exec-5] o.e.t.f.TradingAuthenticationFilter      : Unauthorized access attempt to: /
2025-11-11T23:08:20.041+07:00  WARN 42552 --- [trading-platform] [http-nio-8080-exec-6] o.e.t.f.TradingAuthenticationFilter      : Unauthorized access attempt to: /hybridaction/zybTrackerStatisticsAction
2025-11-11T23:08:20.084+07:00  WARN 42552 --- [trading-platform] [http-nio-8080-exec-7] o.e.t.f.TradingAuthenticationFilter      : Unauthorized access attempt to: /hybridaction/zybTrackerStatisticsAction
2025-11-11T23:08:20.123+07:00  WARN 42552 --- [trading-platform] [http-nio-8080-exec-8] o.e.t.f.TradingAuthenticationFilter      : Unauthorized access attempt to: /hybridaction/zybTrackerStatisticsAction
2025-11-11T23:08:20.309+07:00  WARN 42552 --- [trading-platform] [http-nio-8080-exec-9] o.e.t.f.TradingAuthenticationFilter      : Unauthorized access attempt to: /hybridaction/zybTrackerStatisticsAction
2025-11-11T23:08:20.344+07:00  WARN 42552 --- [trading-platform] [http-nio-8080-exec-10] o.e.t.f.TradingAuthenticationFilter      : Unauthorized access attempt to: /hybridaction/zybTrackerStatisticsAction
2025-11-11T23:08:20.383+07:00  WARN 42552 --- [trading-platform] [http-nio-8080-exec-1] o.e.t.f.TradingAuthenticationFilter      : Unauthorized access attempt to: /hybridaction/zybTrackerStatisticsAction
2025-11-11T23:08:21.472+07:00  WARN 42552 --- [trading-platform] [http-nio-8080-exec-2] o.e.t.f.TradingAuthenticationFilter      : Unauthorized access attempt to: /hybridaction/zybTrackerStatisticsAction
2025-11-11T23:08:21.524+07:00  WARN 42552 --- [trading-platform] [http-nio-8080-exec-4] o.e.t.f.TradingAuthenticationFilter      : Unauthorized access attempt to: /hybridaction/zybTrackerStatisticsAction
2025-11-11T23:08:21.559+07:00  WARN 42552 --- [trading-platform] [http-nio-8080-exec-3] o.e.t.f.TradingAuthenticationFilter      : Unauthorized access attempt to: /hybridaction/zybTrackerStatisticsAction
2025-11-11T23:08:21.692+07:00  WARN 42552 --- [trading-platform] [http-nio-8080-exec-5] o.e.t.f.TradingAuthenticationFilter      : Unauthorized access attempt to: /hybridaction/zybTrackerStatisticsAction
2025-11-11T23:08:21.751+07:00  WARN 42552 --- [trading-platform] [http-nio-8080-exec-6] o.e.t.f.TradingAuthenticationFilter      : Unauthorized access attempt to: /hybridaction/zybTrackerStatisticsAction
2025-11-11T23:08:21.849+07:00  WARN 42552 --- [trading-platform] [http-nio-8080-exec-7] o.e.t.f.TradingAuthenticationFilter      : Unauthorized access attempt to: /hybridaction/zybTrackerStatisticsAction
2025-11-11T23:08:22.132+07:00  WARN 42552 --- [trading-platform] [http-nio-8080-exec-8] o.e.t.f.TradingAuthenticationFilter      : Unauthorized access attempt to: /hybridaction/zybTrackerStatisticsAction
2025-11-11T23:08:22.184+07:00  WARN 42552 --- [trading-platform] [http-nio-8080-exec-9] o.e.t.f.TradingAuthenticationFilter      : Unauthorized access attempt to: /hybridaction/zybTrackerStatisticsAction
2025-11-11T23:08:22.240+07:00  WARN 42552 --- [trading-platform] [http-nio-8080-exec-10] o.e.t.f.TradingAuthenticationFilter      : Unauthorized access attempt to: /hybridaction/zybTrackerStatisticsAction
2025-11-11T23:08:22.394+07:00  WARN 42552 --- [trading-platform] [http-nio-8080-exec-1] o.e.t.f.TradingAuthenticationFilter      : Unauthorized access attempt to: /hybridaction/zybTrackerStatisticsAction
2025-11-11T23:08:22.453+07:00  WARN 42552 --- [trading-platform] [http-nio-8080-exec-2] o.e.t.f.TradingAuthenticationFilter      : Unauthorized access attempt to: /hybridaction/zybTrackerStatisticsAction
2025-11-11T23:08:22.492+07:00  WARN 42552 --- [trading-platform] [http-nio-8080-exec-4] o.e.t.f.TradingAuthenticationFilter      : Unauthorized access attempt to: /hybridaction/zybTrackerStatisticsAction
2025-11-11T23:08:22.645+07:00  WARN 42552 --- [trading-platform] [http-nio-8080-exec-3] o.e.t.f.TradingAuthenticationFilter      : Unauthorized access attempt to: /hybridaction/zybTrackerStatisticsAction
2025-11-11T23:08:22.696+07:00  WARN 42552 --- [trading-platform] [http-nio-8080-exec-5] o.e.t.f.TradingAuthenticationFilter      : Unauthorized access attempt to: /hybridaction/zybTrackerStatisticsAction
2025-11-11T23:08:22.744+07:00  WARN 42552 --- [trading-platform] [http-nio-8080-exec-6] o.e.t.f.TradingAuthenticationFilter      : Unauthorized access attempt to: /hybridaction/zybTrackerStatisticsAction
2025-11-11T23:08:22.868+07:00  WARN 42552 --- [trading-platform] [http-nio-8080-exec-7] o.e.t.f.TradingAuthenticationFilter      : Unauthorized access attempt to: /hybridaction/zybTrackerStatisticsAction
2025-11-11T23:08:22.924+07:00  WARN 42552 --- [trading-platform] [http-nio-8080-exec-8] o.e.t.f.TradingAuthenticationFilter      : Unauthorized access attempt to: /hybridaction/zybTrackerStatisticsAction
2025-11-11T23:08:22.958+07:00  WARN 42552 --- [trading-platform] [http-nio-8080-exec-9] o.e.t.f.TradingAuthenticationFilter      : Unauthorized access attempt to: /hybridaction/zybTrackerStatisticsAction
2025-11-11T23:08:24.770+07:00  WARN 42552 --- [trading-platform] [http-nio-8080-exec-10] o.e.t.f.TradingAuthenticationFilter      : Unauthorized access attempt to: /favicon.ico
2025-11-11T23:11:41.287+07:00  INFO 42552 --- [trading-platform] [SpringApplicationShutdownHook] j.LocalContainerEntityManagerFactoryBean : Closing JPA EntityManagerFactory for persistence unit 'default'
2025-11-11T23:11:41.289+07:00  INFO 42552 --- [trading-platform] [SpringApplicationShutdownHook] com.zaxxer.hikari.HikariDataSource       : HikariPool-1 - Shutdown initiated...
2025-11-11T23:11:41.294+07:00  INFO 42552 --- [trading-platform] [SpringApplicationShutdownHook] com.zaxxer.hikari.HikariDataSource       : HikariPool-1 - Shutdown completed.
2025-11-11T23:12:02.625+07:00  INFO 31276 --- [trading-platform] [main] o.e.trading.TradingPlatformApplication   : Starting TradingPlatformApplication using Java 22.0.2 with PID 31276 (C:\amaraa belajar\LIT-Fullstack\session19\SpringBoot\target\classes started by maraa in C:\amaraa belajar\LIT-Fullstack\session19\SpringBoot)
2025-11-11T23:12:02.629+07:00  INFO 31276 --- [trading-platform] [main] o.e.trading.TradingPlatformApplication   : No active profile set, falling back to 1 default profile: "default"
2025-11-11T23:12:03.666+07:00  INFO 31276 --- [trading-platform] [main] .s.d.r.c.RepositoryConfigurationDelegate : Bootstrapping Spring Data JPA repositories in DEFAULT mode.
2025-11-11T23:12:03.754+07:00  INFO 31276 --- [trading-platform] [main] .s.d.r.c.RepositoryConfigurationDelegate : Finished Spring Data repository scanning in 76 ms. Found 2 JPA repository interfaces.
2025-11-11T23:12:04.615+07:00  INFO 31276 --- [trading-platform] [main] o.s.b.w.embedded.tomcat.TomcatWebServer  : Tomcat initialized with port 8080 (http)
2025-11-11T23:12:04.634+07:00  INFO 31276 --- [trading-platform] [main] o.apache.catalina.core.StandardService   : Starting service [Tomcat]
2025-11-11T23:12:04.634+07:00  INFO 31276 --- [trading-platform] [main] o.apache.catalina.core.StandardEngine    : Starting Servlet engine: [Apache Tomcat/10.1.30]
2025-11-11T23:12:04.738+07:00  INFO 31276 --- [trading-platform] [main] o.a.c.c.C.[Tomcat].[localhost].[/]       : Initializing Spring embedded WebApplicationContext
2025-11-11T23:12:04.739+07:00  INFO 31276 --- [trading-platform] [main] w.s.c.ServletWebServerApplicationContext : Root WebApplicationContext: initialization completed in 2035 ms
2025-11-11T23:12:05.013+07:00  INFO 31276 --- [trading-platform] [main] o.hibernate.jpa.internal.util.LogHelper  : HHH000204: Processing PersistenceUnitInfo [name: default]
2025-11-11T23:12:05.122+07:00  INFO 31276 --- [trading-platform] [main] org.hibernate.Version                    : HHH000412: Hibernate ORM core version 6.5.3.Final
2025-11-11T23:12:05.179+07:00  INFO 31276 --- [trading-platform] [main] o.h.c.internal.RegionFactoryInitiator    : HHH000026: Second-level cache disabled
2025-11-11T23:12:05.734+07:00  INFO 31276 --- [trading-platform] [main] o.s.o.j.p.SpringPersistenceUnitInfo      : No LoadTimeWeaver setup: ignoring JPA class transformer
2025-11-11T23:12:05.791+07:00  INFO 31276 --- [trading-platform] [main] com.zaxxer.hikari.HikariDataSource       : HikariPool-1 - Starting...
2025-11-11T23:12:06.448+07:00  INFO 31276 --- [trading-platform] [main] com.zaxxer.hikari.pool.HikariPool        : HikariPool-1 - Added connection com.mysql.cj.jdbc.ConnectionImpl@6eaa6b0c
2025-11-11T23:12:06.451+07:00  INFO 31276 --- [trading-platform] [main] com.zaxxer.hikari.HikariDataSource       : HikariPool-1 - Start completed.
2025-11-11T23:12:06.519+07:00  WARN 31276 --- [trading-platform] [main] org.hibernate.orm.deprecation            : HHH90000025: MySQL8Dialect does not need to be specified explicitly using 'hibernate.dialect' (remove the property setting and it will be selected by default)
2025-11-11T23:12:06.521+07:00  WARN 31276 --- [trading-platform] [main] org.hibernate.orm.deprecation            : HHH90000026: MySQL8Dialect has been deprecated; use org.hibernate.dialect.MySQLDialect instead
2025-11-11T23:12:07.804+07:00  INFO 31276 --- [trading-platform] [main] o.h.e.t.j.p.i.JtaPlatformInitiator       : HHH000489: No JTA platform available (set 'hibernate.transaction.jta.platform' to enable JTA platform integration)
2025-11-11T23:12:07.885+07:00  INFO 31276 --- [trading-platform] [main] j.LocalContainerEntityManagerFactoryBean : Initialized JPA EntityManagerFactory for persistence unit 'default'
2025-11-11T23:12:08.651+07:00  WARN 31276 --- [trading-platform] [main] JpaBaseConfiguration$JpaWebConfiguration : spring.jpa.open-in-view is enabled by default. Therefore, database queries may be performed during view rendering. Explicitly configure spring.jpa.open-in-view to disable this warning
2025-11-11T23:12:09.409+07:00  INFO 31276 --- [trading-platform] [main] o.s.b.w.embedded.tomcat.TomcatWebServer  : Tomcat started on port 8080 (http) with context path '/'
2025-11-11T23:12:09.444+07:00  INFO 31276 --- [trading-platform] [main] o.e.trading.TradingPlatformApplication   : Started TradingPlatformApplication in 7.766 seconds (process running for 8.576)
2025-11-11T23:12:13.309+07:00  INFO 31276 --- [trading-platform] [http-nio-8080-exec-1] o.a.c.c.C.[Tomcat].[localhost].[/]       : Initializing Spring DispatcherServlet 'dispatcherServlet'
2025-11-11T23:12:13.310+07:00  INFO 31276 --- [trading-platform] [http-nio-8080-exec-1] o.s.web.servlet.DispatcherServlet        : Initializing Servlet 'dispatcherServlet'
2025-11-11T23:12:13.311+07:00  INFO 31276 --- [trading-platform] [http-nio-8080-exec-1] o.s.web.servlet.DispatcherServlet        : Completed initialization in 1 ms
2025-11-11T23:12:13.319+07:00  INFO 31276 --- [trading-platform] [http-nio-8080-exec-1] o.e.t.f.TradingRequestLoggingFilter      : => GET / from 0:0:0:0:0:0:0:1
2025-11-11T23:12:13.414+07:00  INFO 31276 --- [trading-platform] [http-nio-8080-exec-1] o.e.t.f.TradingRequestLoggingFilter      : <= GET / - Status: 200, Duration: 95ms
2025-11-11T23:12:15.131+07:00  INFO 31276 --- [trading-platform] [http-nio-8080-exec-2] o.e.t.f.TradingRequestLoggingFilter      : => GET /hybridaction/zybTrackerStatisticsAction from 0:0:0:0:0:0:0:1
2025-11-11T23:12:15.177+07:00  INFO 31276 --- [trading-platform] [http-nio-8080-exec-2] o.e.t.f.TradingRequestLoggingFilter      : <= GET /hybridaction/zybTrackerStatisticsAction - Status: 500, Duration: 46ms
2025-11-11T23:12:15.181+07:00  INFO 31276 --- [trading-platform] [http-nio-8080-exec-3] o.e.t.f.TradingRequestLoggingFilter      : => GET /hybridaction/zybTrackerStatisticsAction from 0:0:0:0:0:0:0:1
2025-11-11T23:12:15.185+07:00  INFO 31276 --- [trading-platform] [http-nio-8080-exec-3] o.e.t.f.TradingRequestLoggingFilter      : <= GET /hybridaction/zybTrackerStatisticsAction - Status: 500, Duration: 4ms
2025-11-11T23:12:15.229+07:00  INFO 31276 --- [trading-platform] [http-nio-8080-exec-4] o.e.t.f.TradingRequestLoggingFilter      : => GET /hybridaction/zybTrackerStatisticsAction from 0:0:0:0:0:0:0:1
2025-11-11T23:12:15.233+07:00  INFO 31276 --- [trading-platform] [http-nio-8080-exec-4] o.e.t.f.TradingRequestLoggingFilter      : <= GET /hybridaction/zybTrackerStatisticsAction - Status: 500, Duration: 4ms
2025-11-11T23:12:15.951+07:00  INFO 31276 --- [trading-platform] [http-nio-8080-exec-5] o.e.t.f.TradingRequestLoggingFilter      : => GET /hybridaction/zybTrackerStatisticsAction from 0:0:0:0:0:0:0:1
2025-11-11T23:12:15.956+07:00  INFO 31276 --- [trading-platform] [http-nio-8080-exec-5] o.e.t.f.TradingRequestLoggingFilter      : <= GET /hybridaction/zybTrackerStatisticsAction - Status: 500, Duration: 5ms
2025-11-11T23:12:16.005+07:00  INFO 31276 --- [trading-platform] [http-nio-8080-exec-6] o.e.t.f.TradingRequestLoggingFilter      : => GET /hybridaction/zybTrackerStatisticsAction from 0:0:0:0:0:0:0:1
2025-11-11T23:12:16.009+07:00  INFO 31276 --- [trading-platform] [http-nio-8080-exec-6] o.e.t.f.TradingRequestLoggingFilter      : <= GET /hybridaction/zybTrackerStatisticsAction - Status: 500, Duration: 4ms
2025-11-11T23:12:16.092+07:00  INFO 31276 --- [trading-platform] [http-nio-8080-exec-7] o.e.t.f.TradingRequestLoggingFilter      : => GET /hybridaction/zybTrackerStatisticsAction from 0:0:0:0:0:0:0:1
2025-11-11T23:12:16.097+07:00  INFO 31276 --- [trading-platform] [http-nio-8080-exec-7] o.e.t.f.TradingRequestLoggingFilter      : <= GET /hybridaction/zybTrackerStatisticsAction - Status: 500, Duration: 5ms
2025-11-11T23:12:17.914+07:00  INFO 31276 --- [trading-platform] [http-nio-8080-exec-8] o.e.t.f.TradingRequestLoggingFilter      : => GET /hybridaction/zybTrackerStatisticsAction from 0:0:0:0:0:0:0:1
2025-11-11T23:12:17.918+07:00  INFO 31276 --- [trading-platform] [http-nio-8080-exec-8] o.e.t.f.TradingRequestLoggingFilter      : <= GET /hybridaction/zybTrackerStatisticsAction - Status: 500, Duration: 4ms
2025-11-11T23:12:17.970+07:00  INFO 31276 --- [trading-platform] [http-nio-8080-exec-9] o.e.t.f.TradingRequestLoggingFilter      : => GET /hybridaction/zybTrackerStatisticsAction from 0:0:0:0:0:0:0:1
2025-11-11T23:12:17.973+07:00  INFO 31276 --- [trading-platform] [http-nio-8080-exec-9] o.e.t.f.TradingRequestLoggingFilter      : <= GET /hybridaction/zybTrackerStatisticsAction - Status: 500, Duration: 3ms
2025-11-11T23:12:18.050+07:00  INFO 31276 --- [trading-platform] [http-nio-8080-exec-10] o.e.t.f.TradingRequestLoggingFilter      : => GET /hybridaction/zybTrackerStatisticsAction from 0:0:0:0:0:0:0:1
2025-11-11T23:12:18.053+07:00  INFO 31276 --- [trading-platform] [http-nio-8080-exec-10] o.e.t.f.TradingRequestLoggingFilter      : <= GET /hybridaction/zybTrackerStatisticsAction - Status: 500, Duration: 3ms
2025-11-11T23:12:18.200+07:00  INFO 31276 --- [trading-platform] [http-nio-8080-exec-1] o.e.t.f.TradingRequestLoggingFilter      : => GET /hybridaction/zybTrackerStatisticsAction from 0:0:0:0:0:0:0:1
2025-11-11T23:12:18.203+07:00  INFO 31276 --- [trading-platform] [http-nio-8080-exec-1] o.e.t.f.TradingRequestLoggingFilter      : <= GET /hybridaction/zybTrackerStatisticsAction - Status: 500, Duration: 3ms
2025-11-11T23:12:18.346+07:00  INFO 31276 --- [trading-platform] [http-nio-8080-exec-2] o.e.t.f.TradingRequestLoggingFilter      : => GET /hybridaction/zybTrackerStatisticsAction from 0:0:0:0:0:0:0:1
2025-11-11T23:12:18.350+07:00  INFO 31276 --- [trading-platform] [http-nio-8080-exec-2] o.e.t.f.TradingRequestLoggingFilter      : <= GET /hybridaction/zybTrackerStatisticsAction - Status: 500, Duration: 4ms
2025-11-11T23:12:18.430+07:00  INFO 31276 --- [trading-platform] [http-nio-8080-exec-3] o.e.t.f.TradingRequestLoggingFilter      : => GET /hybridaction/zybTrackerStatisticsAction from 0:0:0:0:0:0:0:1
2025-11-11T23:12:18.435+07:00  INFO 31276 --- [trading-platform] [http-nio-8080-exec-3] o.e.t.f.TradingRequestLoggingFilter      : <= GET /hybridaction/zybTrackerStatisticsAction - Status: 500, Duration: 4ms
2025-11-11T23:12:18.730+07:00  INFO 31276 --- [trading-platform] [http-nio-8080-exec-4] o.e.t.f.TradingRequestLoggingFilter      : => GET /hybridaction/zybTrackerStatisticsAction from 0:0:0:0:0:0:0:1
2025-11-11T23:12:18.733+07:00  INFO 31276 --- [trading-platform] [http-nio-8080-exec-4] o.e.t.f.TradingRequestLoggingFilter      : <= GET /hybridaction/zybTrackerStatisticsAction - Status: 500, Duration: 4ms
2025-11-11T23:12:18.822+07:00  INFO 31276 --- [trading-platform] [http-nio-8080-exec-5] o.e.t.f.TradingRequestLoggingFilter      : => GET /hybridaction/zybTrackerStatisticsAction from 0:0:0:0:0:0:0:1
2025-11-11T23:12:18.826+07:00  INFO 31276 --- [trading-platform] [http-nio-8080-exec-5] o.e.t.f.TradingRequestLoggingFilter      : <= GET /hybridaction/zybTrackerStatisticsAction - Status: 500, Duration: 4ms
2025-11-11T23:12:18.894+07:00  INFO 31276 --- [trading-platform] [http-nio-8080-exec-6] o.e.t.f.TradingRequestLoggingFilter      : => GET /hybridaction/zybTrackerStatisticsAction from 0:0:0:0:0:0:0:1
2025-11-11T23:12:18.896+07:00  INFO 31276 --- [trading-platform] [http-nio-8080-exec-6] o.e.t.f.TradingRequestLoggingFilter      : <= GET /hybridaction/zybTrackerStatisticsAction - Status: 500, Duration: 2ms
2025-11-11T23:12:19.075+07:00  INFO 31276 --- [trading-platform] [http-nio-8080-exec-7] o.e.t.f.TradingRequestLoggingFilter      : => GET /hybridaction/zybTrackerStatisticsAction from 0:0:0:0:0:0:0:1
2025-11-11T23:12:19.077+07:00  INFO 31276 --- [trading-platform] [http-nio-8080-exec-7] o.e.t.f.TradingRequestLoggingFilter      : <= GET /hybridaction/zybTrackerStatisticsAction - Status: 500, Duration: 2ms
2025-11-11T23:12:19.140+07:00  INFO 31276 --- [trading-platform] [http-nio-8080-exec-8] o.e.t.f.TradingRequestLoggingFilter      : => GET /hybridaction/zybTrackerStatisticsAction from 0:0:0:0:0:0:0:1
2025-11-11T23:12:19.140+07:00  INFO 31276 --- [trading-platform] [http-nio-8080-exec-8] o.e.t.f.TradingRequestLoggingFilter      : <= GET /hybridaction/zybTrackerStatisticsAction - Status: 500, Duration: 0ms
2025-11-11T23:12:19.202+07:00  INFO 31276 --- [trading-platform] [http-nio-8080-exec-9] o.e.t.f.TradingRequestLoggingFilter      : => GET /hybridaction/zybTrackerStatisticsAction from 0:0:0:0:0:0:0:1
2025-11-11T23:12:19.204+07:00  INFO 31276 --- [trading-platform] [http-nio-8080-exec-9] o.e.t.f.TradingRequestLoggingFilter      : <= GET /hybridaction/zybTrackerStatisticsAction - Status: 500, Duration: 2ms
2025-11-11T23:12:19.358+07:00  INFO 31276 --- [trading-platform] [http-nio-8080-exec-10] o.e.t.f.TradingRequestLoggingFilter      : => GET /hybridaction/zybTrackerStatisticsAction from 0:0:0:0:0:0:0:1
2025-11-11T23:12:19.372+07:00  INFO 31276 --- [trading-platform] [http-nio-8080-exec-10] o.e.t.f.TradingRequestLoggingFilter      : <= GET /hybridaction/zybTrackerStatisticsAction - Status: 500, Duration: 13ms
2025-11-11T23:12:19.421+07:00  INFO 31276 --- [trading-platform] [http-nio-8080-exec-1] o.e.t.f.TradingRequestLoggingFilter      : => GET /hybridaction/zybTrackerStatisticsAction from 0:0:0:0:0:0:0:1
2025-11-11T23:12:19.438+07:00  INFO 31276 --- [trading-platform] [http-nio-8080-exec-1] o.e.t.f.TradingRequestLoggingFilter      : <= GET /hybridaction/zybTrackerStatisticsAction - Status: 500, Duration: 17ms
2025-11-11T23:12:19.488+07:00  INFO 31276 --- [trading-platform] [http-nio-8080-exec-2] o.e.t.f.TradingRequestLoggingFilter      : => GET /hybridaction/zybTrackerStatisticsAction from 0:0:0:0:0:0:0:1
2025-11-11T23:12:19.497+07:00  INFO 31276 --- [trading-platform] [http-nio-8080-exec-2] o.e.t.f.TradingRequestLoggingFilter      : <= GET /hybridaction/zybTrackerStatisticsAction - Status: 500, Duration: 9ms
2025-11-11T23:12:19.657+07:00  INFO 31276 --- [trading-platform] [http-nio-8080-exec-3] o.e.t.f.TradingRequestLoggingFilter      : => GET /hybridaction/zybTrackerStatisticsAction from 0:0:0:0:0:0:0:1
2025-11-11T23:12:19.659+07:00  INFO 31276 --- [trading-platform] [http-nio-8080-exec-3] o.e.t.f.TradingRequestLoggingFilter      : <= GET /hybridaction/zybTrackerStatisticsAction - Status: 500, Duration: 2ms
2025-11-11T23:12:19.723+07:00  INFO 31276 --- [trading-platform] [http-nio-8080-exec-4] o.e.t.f.TradingRequestLoggingFilter      : => GET /hybridaction/zybTrackerStatisticsAction from 0:0:0:0:0:0:0:1
2025-11-11T23:12:19.726+07:00  INFO 31276 --- [trading-platform] [http-nio-8080-exec-4] o.e.t.f.TradingRequestLoggingFilter      : <= GET /hybridaction/zybTrackerStatisticsAction - Status: 500, Duration: 3ms
2025-11-11T23:12:19.957+07:00  INFO 31276 --- [trading-platform] [http-nio-8080-exec-5] o.e.t.f.TradingRequestLoggingFilter      : => GET /hybridaction/zybTrackerStatisticsAction from 0:0:0:0:0:0:0:1
2025-11-11T23:12:19.960+07:00  INFO 31276 --- [trading-platform] [http-nio-8080-exec-5] o.e.t.f.TradingRequestLoggingFilter      : <= GET /hybridaction/zybTrackerStatisticsAction - Status: 500, Duration: 4ms
2025-11-11T23:12:21.569+07:00  INFO 31276 --- [trading-platform] [http-nio-8080-exec-6] o.e.t.f.TradingRequestLoggingFilter      : => GET /favicon.ico from 0:0:0:0:0:0:0:1
2025-11-11T23:12:21.576+07:00  INFO 31276 --- [trading-platform] [http-nio-8080-exec-6] o.e.t.f.TradingRequestLoggingFilter      : <= GET /favicon.ico - Status: 500, Duration: 7ms
2025-11-11T23:14:01.384+07:00  INFO 31276 --- [trading-platform] [SpringApplicationShutdownHook] j.LocalContainerEntityManagerFactoryBean : Closing JPA EntityManagerFactory for persistence unit 'default'
2025-11-11T23:14:01.387+07:00  INFO 31276 --- [trading-platform] [SpringApplicationShutdownHook] com.zaxxer.hikari.HikariDataSource       : HikariPool-1 - Shutdown initiated...
2025-11-11T23:14:01.393+07:00  INFO 31276 --- [trading-platform] [SpringApplicationShutdownHook] com.zaxxer.hikari.HikariDataSource       : HikariPool-1 - Shutdown completed.
